# JRE version: OpenJDK Runtime Environment (8.0_152-b01) (build 1.8.0_152-release-1248-b01)
# Java VM: OpenJDK 64-Bit Server VM (25.152-b01 mixed mode windows-amd64 compressed oops)
Heap:
 PSYoungGen      total 158208K, used 22726K [0x00000000e0000000, 0x00000000ee080000, 0x0000000100000000)
  eden space 141312K, 7% used [0x00000000e0000000,0x00000000e09c0a98,0x00000000e8a00000)
  from space 16896K, 75% used [0x00000000e8a00000,0x00000000e9670f20,0x00000000e9a80000)
  to   space 17408K, 0% used [0x00000000ecf80000,0x00000000ecf80000,0x00000000ee080000)
 ParOldGen       total 145920K, used 33672K [0x00000000a0000000, 0x00000000a8e80000, 0x00000000e0000000)
  object space 145920K, 23% used [0x00000000a0000000,0x00000000a20e2200,0x00000000a8e80000)
 Metaspace       used 67930K, capacity 70154K, committed 70448K, reserved 1110016K
  class space    used 9165K, capacity 9676K, committed 9776K, reserved 1048576K
GC Heap History (10 events):
Event: 6.677 GC heap before
{Heap before GC invocations=14 (full 2):
 PSYoungGen      total 111616K, used 104250K [0x00000000e0000000, 0x00000000e9700000, 0x0000000100000000)
  eden space 98304K, 92% used [0x00000000e0000000,0x00000000e58d1350,0x00000000e6000000)
  from space 13312K, 99% used [0x00000000e6000000,0x00000000e6cfd528,0x00000000e6d00000)
  to   space 15872K, 0% used [0x00000000e8780000,0x00000000e8780000,0x00000000e9700000)
 ParOldGen       total 95232K, used 19033K [0x00000000a0000000, 0x00000000a5d00000, 0x00000000e0000000)
  object space 95232K, 19% used [0x00000000a0000000,0x00000000a1296700,0x00000000a5d00000)
 Metaspace       used 57527K, capacity 59042K, committed 59160K, reserved 1099776K
  class space    used 7889K, capacity 8296K, committed 8368K, reserved 1048576K
Event: 6.689 GC heap after
Heap after GC invocations=14 (full 2):
 PSYoungGen      total 137216K, used 13905K [0x00000000e0000000, 0x00000000e9c80000, 0x0000000100000000)
  eden space 121344K, 0% used [0x00000000e0000000,0x00000000e0000000,0x00000000e7680000)
  from space 15872K, 87% used [0x00000000e8780000,0x00000000e95147f8,0x00000000e9700000)
  to   space 17408K, 0% used [0x00000000e7680000,0x00000000e7680000,0x00000000e8780000)
 ParOldGen       total 95232K, used 25862K [0x00000000a0000000, 0x00000000a5d00000, 0x00000000e0000000)
  object space 95232K, 27% used [0x00000000a0000000,0x00000000a1941898,0x00000000a5d00000)
 Metaspace       used 57527K, capacity 59042K, committed 59160K, reserved 1099776K
  class space    used 7889K, capacity 8296K, committed 8368K, reserved 1048576K
}
Event: 6.689 GC heap before
{Heap before GC invocations=15 (full 3):
 PSYoungGen      total 137216K, used 13905K [0x00000000e0000000, 0x00000000e9c80000, 0x0000000100000000)
  eden space 121344K, 0% used [0x00000000e0000000,0x00000000e0000000,0x00000000e7680000)
  from space 15872K, 87% used [0x00000000e8780000,0x00000000e95147f8,0x00000000e9700000)
  to   space 17408K, 0% used [0x00000000e7680000,0x00000000e7680000,0x00000000e8780000)
 ParOldGen       total 95232K, used 25862K [0x00000000a0000000, 0x00000000a5d00000, 0x00000000e0000000)
  object space 95232K, 27% used [0x00000000a0000000,0x00000000a1941898,0x00000000a5d00000)
 Metaspace       used 57527K, capacity 59042K, committed 59160K, reserved 1099776K
  class space    used 7889K, capacity 8296K, committed 8368K, reserved 1048576K
Event: 6.811 GC heap after
Heap after GC invocations=15 (full 3):
 PSYoungGen      total 137216K, used 0K [0x00000000e0000000, 0x00000000e9c80000, 0x0000000100000000)
  eden space 121344K, 0% used [0x00000000e0000000,0x00000000e0000000,0x00000000e7680000)
  from space 15872K, 0% used [0x00000000e8780000,0x00000000e8780000,0x00000000e9700000)
  to   space 17408K, 0% used [0x00000000e7680000,0x00000000e7680000,0x00000000e8780000)
 ParOldGen       total 145920K, used 33648K [0x00000000a0000000, 0x00000000a8e80000, 0x00000000e0000000)
  object space 145920K, 23% used [0x00000000a0000000,0x00000000a20dc200,0x00000000a8e80000)
 Metaspace       used 57527K, capacity 59042K, committed 59160K, reserved 1099776K
  class space    used 7889K, capacity 8296K, committed 8368K, reserved 1048576K
}
Event: 9.921 GC heap before
{Heap before GC invocations=16 (full 3):
 PSYoungGen      total 137216K, used 120347K [0x00000000e0000000, 0x00000000e9c80000, 0x0000000100000000)
  eden space 121344K, 99% used [0x00000000e0000000,0x00000000e7586d48,0x00000000e7680000)
  from space 15872K, 0% used [0x00000000e8780000,0x00000000e8780000,0x00000000e9700000)
  to   space 17408K, 0% used [0x00000000e7680000,0x00000000e7680000,0x00000000e8780000)
 ParOldGen       total 145920K, used 33648K [0x00000000a0000000, 0x00000000a8e80000, 0x00000000e0000000)
  object space 145920K, 23% used [0x00000000a0000000,0x00000000a20dc200,0x00000000a8e80000)
 Metaspace       used 60328K, capacity 62102K, committed 62256K, reserved 1103872K
  class space    used 8209K, capacity 8644K, committed 8752K, reserved 1048576K
Event: 9.926 GC heap after
Heap after GC invocations=16 (full 3):
 PSYoungGen      total 138752K, used 6769K [0x00000000e0000000, 0x00000000eab00000, 0x0000000100000000)
  eden space 121344K, 0% used [0x00000000e0000000,0x00000000e0000000,0x00000000e7680000)
  from space 17408K, 38% used [0x00000000e7680000,0x00000000e7d1c750,0x00000000e8780000)
  to   space 16896K, 0% used [0x00000000e9a80000,0x00000000e9a80000,0x00000000eab00000)
 ParOldGen       total 145920K, used 33656K [0x00000000a0000000, 0x00000000a8e80000, 0x00000000e0000000)
  object space 145920K, 23% used [0x00000000a0000000,0x00000000a20de200,0x00000000a8e80000)
 Metaspace       used 60328K, capacity 62102K, committed 62256K, reserved 1103872K
  class space    used 8209K, capacity 8644K, committed 8752K, reserved 1048576K
}
Event: 9.940 GC heap before
{Heap before GC invocations=17 (full 3):
 PSYoungGen      total 138752K, used 127742K [0x00000000e0000000, 0x00000000eab00000, 0x0000000100000000)
  eden space 121344K, 99% used [0x00000000e0000000,0x00000000e7623480,0x00000000e7680000)
  from space 17408K, 38% used [0x00000000e7680000,0x00000000e7d1c750,0x00000000e8780000)
  to   space 16896K, 0% used [0x00000000e9a80000,0x00000000e9a80000,0x00000000eab00000)
 ParOldGen       total 145920K, used 33656K [0x00000000a0000000, 0x00000000a8e80000, 0x00000000e0000000)
  object space 145920K, 23% used [0x00000000a0000000,0x00000000a20de200,0x00000000a8e80000)
 Metaspace       used 60339K, capacity 62102K, committed 62256K, reserved 1103872K
  class space    used 8209K, capacity 8644K, committed 8752K, reserved 1048576K
Event: 9.943 GC heap after
Heap after GC invocations=17 (full 3):
 PSYoungGen      total 158208K, used 4616K [0x00000000e0000000, 0x00000000ec980000, 0x0000000100000000)
  eden space 141312K, 0% used [0x00000000e0000000,0x00000000e0000000,0x00000000e8a00000)
  from space 16896K, 27% used [0x00000000e9a80000,0x00000000e9f02070,0x00000000eab00000)
  to   space 16896K, 0% used [0x00000000e8a00000,0x00000000e8a00000,0x00000000e9a80000)
 ParOldGen       total 145920K, used 33664K [0x00000000a0000000, 0x00000000a8e80000, 0x00000000e0000000)
  object space 145920K, 23% used [0x00000000a0000000,0x00000000a20e0200,0x00000000a8e80000)
 Metaspace       used 60339K, capacity 62102K, committed 62256K, reserved 1103872K
  class space    used 8209K, capacity 8644K, committed 8752K, reserved 1048576K
}
Event: 13.043 GC heap before
{Heap before GC invocations=18 (full 3):
 PSYoungGen      total 158208K, used 145928K [0x00000000e0000000, 0x00000000ec980000, 0x0000000100000000)
  eden space 141312K, 100% used [0x00000000e0000000,0x00000000e8a00000,0x00000000e8a00000)
  from space 16896K, 27% used [0x00000000e9a80000,0x00000000e9f02070,0x00000000eab00000)
  to   space 16896K, 0% used [0x00000000e8a00000,0x00000000e8a00000,0x00000000e9a80000)
 ParOldGen       total 145920K, used 33664K [0x00000000a0000000, 0x00000000a8e80000, 0x00000000e0000000)
  object space 145920K, 23% used [0x00000000a0000000,0x00000000a20e0200,0x00000000a8e80000)
 Metaspace       used 67127K, capacity 69402K, committed 69552K, reserved 1110016K
  class space    used 9092K, capacity 9604K, committed 9648K, reserved 1048576K
Event: 13.051 GC heap after
Heap after GC invocations=18 (full 3):
 PSYoungGen      total 158208K, used 12739K [0x00000000e0000000, 0x00000000ee080000, 0x0000000100000000)
  eden space 141312K, 0% used [0x00000000e0000000,0x00000000e0000000,0x00000000e8a00000)
  from space 16896K, 75% used [0x00000000e8a00000,0x00000000e9670f20,0x00000000e9a80000)
  to   space 17408K, 0% used [0x00000000ecf80000,0x00000000ecf80000,0x00000000ee080000)
 ParOldGen       total 145920K, used 33672K [0x00000000a0000000, 0x00000000a8e80000, 0x00000000e0000000)
  object space 145920K, 23% used [0x00000000a0000000,0x00000000a20e2200,0x00000000a8e80000)
 Metaspace       used 67127K, capacity 69402K, committed 69552K, reserved 1110016K
  class space    used 9092K, capacity 9604K, committed 9648K, reserved 1048576K
}

